<?xml version="1.0" encoding="UTF-8"?>
<testsuite name="com.space_invaders.PositionTest" tests="6" skipped="0" failures="0" errors="0" timestamp="2023-12-24T03:18:48" hostname="DESKTOP-BE69BVV" time="0.031">
  <properties/>
  <testcase name="testConstructorAndGetters()" classname="com.space_invaders.PositionTest" time="0.01"/>
  <testcase name="testMoveDown()" classname="com.space_invaders.PositionTest" time="0.002"/>
  <testcase name="testMoveLeft()" classname="com.space_invaders.PositionTest" time="0.002"/>
  <testcase name="testEquals()" classname="com.space_invaders.PositionTest" time="0.005"/>
  <testcase name="testMoveUp()" classname="com.space_invaders.PositionTest" time="0.001"/>
  <testcase name="testMoveRight()" classname="com.space_invaders.PositionTest" time="0.002"/>
  <system-out><![CDATA[]]></system-out>
  <system-err><![CDATA[]]></system-err>
</testsuite>
