<?xml version="1.0" encoding="UTF-8"?>
<testsuite name="com.space_invaders.MusicManagerTest" tests="4" skipped="0" failures="0" errors="0" timestamp="2023-12-24T03:18:48" hostname="DESKTOP-BE69BVV" time="0.301">
  <properties/>
  <testcase name="testStopMenuMusic()" classname="com.space_invaders.MusicManagerTest" time="0.288"/>
  <testcase name="testGetMenuMusic()" classname="com.space_invaders.MusicManagerTest" time="0.002"/>
  <testcase name="testStopPowerShipMusic()" classname="com.space_invaders.MusicManagerTest" time="0.002"/>
  <testcase name="testGetInstance()" classname="com.space_invaders.MusicManagerTest" time="0.002"/>
  <system-out><![CDATA[]]></system-out>
  <system-err><![CDATA[]]></system-err>
</testsuite>
