<?xml version="1.0" encoding="UTF-8"?>
<testsuite name="com.space_invaders.model.menu.ModelEndScreenTest" tests="3" skipped="0" failures="0" errors="0" timestamp="2023-12-24T03:18:49" hostname="DESKTOP-BE69BVV" time="0.077">
  <properties/>
  <testcase name="testFormatEntry()" classname="com.space_invaders.model.menu.ModelEndScreenTest" time="0.005"/>
  <testcase name="testLowestScoreInLeaderboard()" classname="com.space_invaders.model.menu.ModelEndScreenTest" time="0.012"/>
  <testcase name="testReadLeaderboard()" classname="com.space_invaders.model.menu.ModelEndScreenTest" time="0.053"/>
  <system-out><![CDATA[]]></system-out>
  <system-err><![CDATA[]]></system-err>
</testsuite>
