<?xml version="1.0" encoding="UTF-8"?>
<testsuite name="com.space_invaders.model.game.elements.SpaceShipTest" tests="4" skipped="0" failures="0" errors="0" timestamp="2023-12-24T03:18:49" hostname="DESKTOP-BE69BVV" time="0.219">
  <properties/>
  <testcase name="testSettersAndGetters()" classname="com.space_invaders.model.game.elements.SpaceShipTest" time="0.091"/>
  <testcase name="testBulletOperations()" classname="com.space_invaders.model.game.elements.SpaceShipTest" time="0.107"/>
  <testcase name="testLifeOperations()" classname="com.space_invaders.model.game.elements.SpaceShipTest" time="0.001"/>
  <testcase name="testInitialValues()" classname="com.space_invaders.model.game.elements.SpaceShipTest" time="0.007"/>
  <system-out><![CDATA[]]></system-out>
  <system-err><![CDATA[]]></system-err>
</testsuite>
