<?xml version="1.0" encoding="UTF-8"?>
<testsuite name="com.space_invaders.model.game.elements.AlienTest" tests="4" skipped="0" failures="0" errors="0" timestamp="2023-12-24T03:18:48" hostname="DESKTOP-BE69BVV" time="0.04">
  <properties/>
  <testcase name="testChangeDirection()" classname="com.space_invaders.model.game.elements.AlienTest" time="0.002"/>
  <testcase name="testRemoveBullet()" classname="com.space_invaders.model.game.elements.AlienTest" time="0.03"/>
  <testcase name="testAddBullet()" classname="com.space_invaders.model.game.elements.AlienTest" time="0.002"/>
  <testcase name="testUpdate()" classname="com.space_invaders.model.game.elements.AlienTest" time="0.003"/>
  <system-out><![CDATA[]]></system-out>
  <system-err><![CDATA[]]></system-err>
</testsuite>
