<?xml version="1.0" encoding="UTF-8"?>
<testsuite name="com.space_invaders.model.game.elements.bullets.SpaceShipBulletTest" tests="2" skipped="0" failures="0" errors="0" timestamp="2023-12-24T03:18:49" hostname="DESKTOP-BE69BVV" time="0.116">
  <properties/>
  <testcase name="testSpaceShipBulletMakeChanges()" classname="com.space_invaders.model.game.elements.bullets.SpaceShipBulletTest" time="0.114"/>
  <testcase name="testSpaceShipBulletTick()" classname="com.space_invaders.model.game.elements.bullets.SpaceShipBulletTest" time="0.001"/>
  <system-out><![CDATA[]]></system-out>
  <system-err><![CDATA[]]></system-err>
</testsuite>
