<?xml version="1.0" encoding="UTF-8"?>
<testsuite name="space_invaders.PositionTest" tests="4" skipped="0" failures="0" errors="0" timestamp="2023-11-26T19:18:30" hostname="DESKTOP-BE69BVV" time="0.022">
  <properties/>
  <testcase name="testMoveDown()" classname="space_invaders.PositionTest" time="0.017"/>
  <testcase name="testMoveLeft()" classname="space_invaders.PositionTest" time="0.0"/>
  <testcase name="testMoveUp()" classname="space_invaders.PositionTest" time="0.001"/>
  <testcase name="testMoveRight()" classname="space_invaders.PositionTest" time="0.001"/>
  <system-out><![CDATA[]]></system-out>
  <system-err><![CDATA[]]></system-err>
</testsuite>
