<?xml version="1.0" encoding="UTF-8"?>
<testsuite name="com.space_invaders.model.menu.options.MenuOptionTest" tests="1" skipped="0" failures="0" errors="0" timestamp="2023-12-24T03:18:49" hostname="DESKTOP-BE69BVV" time="0.02">
  <properties/>
  <testcase name="testMenuOptionText()" classname="com.space_invaders.model.menu.options.MenuOptionTest" time="0.02"/>
  <system-out><![CDATA[]]></system-out>
  <system-err><![CDATA[]]></system-err>
</testsuite>
