<?xml version="1.0" encoding="UTF-8"?>
<testsuite name="com.space_invaders.model.menu.options.MenuElementTest" tests="3" skipped="0" failures="0" errors="0" timestamp="2023-12-24T03:18:49" hostname="DESKTOP-BE69BVV" time="0.043">
  <properties/>
  <testcase name="testMenuElementConstructorAndGetters()" classname="com.space_invaders.model.menu.options.MenuElementTest" time="0.041"/>
  <testcase name="testSelectAndDeselect()" classname="com.space_invaders.model.menu.options.MenuElementTest" time="0.001"/>
  <testcase name="testSetFillColorAndBorderColor()" classname="com.space_invaders.model.menu.options.MenuElementTest" time="0.001"/>
  <system-out><![CDATA[]]></system-out>
  <system-err><![CDATA[]]></system-err>
</testsuite>
