<?xml version="1.0" encoding="UTF-8"?>
<testsuite name="com.space_invaders.GameManagerTest" tests="3" skipped="0" failures="0" errors="0" timestamp="2023-12-24T03:18:47" hostname="DESKTOP-BE69BVV" time="0.073">
  <properties/>
  <testcase name="testSingletonInstance()" classname="com.space_invaders.GameManagerTest" time="0.044"/>
  <testcase name="testInitialVelocityMultiplier()" classname="com.space_invaders.GameManagerTest" time="0.014"/>
  <testcase name="testVelocityMultiplierChange()" classname="com.space_invaders.GameManagerTest" time="0.011"/>
  <system-out><![CDATA[]]></system-out>
  <system-err><![CDATA[]]></system-err>
</testsuite>
