<?xml version="1.0" encoding="UTF-8"?>
<testsuite name="com.space_invaders.model.game.space.LoaderSpaceBuilderTest" tests="2" skipped="0" failures="0" errors="0" timestamp="2023-12-24T03:18:49" hostname="DESKTOP-BE69BVV" time="0.003">
  <properties/>
  <testcase name="testCreateSpaceShip()" classname="com.space_invaders.model.game.space.LoaderSpaceBuilderTest" time="0.001"/>
  <testcase name="testCreateAliens()" classname="com.space_invaders.model.game.space.LoaderSpaceBuilderTest" time="0.002"/>
  <system-out><![CDATA[]]></system-out>
  <system-err><![CDATA[]]></system-err>
</testsuite>
