<?xml version="1.0" encoding="UTF-8"?>
<testsuite name="com.space_invaders.model.game.space.SpaceTest" tests="2" skipped="0" failures="0" errors="0" timestamp="2023-12-24T03:18:49" hostname="DESKTOP-BE69BVV" time="0.011">
  <properties/>
  <testcase name="testGettersAndSetters()" classname="com.space_invaders.model.game.space.SpaceTest" time="0.006"/>
  <testcase name="testCanSpaceShipMove()" classname="com.space_invaders.model.game.space.SpaceTest" time="0.001"/>
  <system-out><![CDATA[]]></system-out>
  <system-err><![CDATA[]]></system-err>
</testsuite>
