<?xml version="1.0" encoding="UTF-8"?>
<testsuite name="com.space_invaders.controls.game.SpaceControllerTest" tests="4" skipped="0" failures="0" errors="0" timestamp="2023-12-24T03:18:48" hostname="DESKTOP-BE69BVV" time="0.254">
  <properties/>
  <testcase name="testInteractionsWithAliens()" classname="com.space_invaders.controls.game.SpaceControllerTest" time="0.022"/>
  <testcase name="testMainMenuStateWhenQuitAction()" classname="com.space_invaders.controls.game.SpaceControllerTest" time="0.104"/>
  <testcase name="testSpaceShipBullets()" classname="com.space_invaders.controls.game.SpaceControllerTest" time="0.003"/>
  <testcase name="testGameOverStateWhenSpaceshipHPZero()" classname="com.space_invaders.controls.game.SpaceControllerTest" time="0.122"/>
  <system-out><![CDATA[]]></system-out>
  <system-err><![CDATA[]]></system-err>
</testsuite>
