<?xml version="1.0" encoding="UTF-8"?>
<testsuite name="space_invaders.model.game.elements.SpaceShipTest" tests="4" skipped="0" failures="0" errors="0" timestamp="2023-11-26T19:18:30" hostname="DESKTOP-BE69BVV" time="0.033">
  <properties/>
  <testcase name="testGetHP()" classname="space_invaders.model.game.elements.SpaceShipTest" time="0.001"/>
  <testcase name="testAddBullet()" classname="space_invaders.model.game.elements.SpaceShipTest" time="0.028"/>
  <testcase name="testRemoveLife()" classname="space_invaders.model.game.elements.SpaceShipTest" time="0.0"/>
  <testcase name="testConstructor()" classname="space_invaders.model.game.elements.SpaceShipTest" time="0.001"/>
  <system-out><![CDATA[]]></system-out>
  <system-err><![CDATA[]]></system-err>
</testsuite>
