<?xml version="1.0" encoding="UTF-8"?>
<testsuite name="com.space_invaders.model.game.elements.bullets.EnemyBulletTest" tests="2" skipped="0" failures="0" errors="0" timestamp="2023-12-24T03:18:49" hostname="DESKTOP-BE69BVV" time="0.002">
  <properties/>
  <testcase name="testEnemyBulletTick()" classname="com.space_invaders.model.game.elements.bullets.EnemyBulletTest" time="0.002"/>
  <testcase name="testEnemyBulletConstructor()" classname="com.space_invaders.model.game.elements.bullets.EnemyBulletTest" time="0.0"/>
  <system-out><![CDATA[]]></system-out>
  <system-err><![CDATA[]]></system-err>
</testsuite>
