<?xml version="1.0" encoding="UTF-8"?>
<testsuite name="com.space_invaders.model.game.elements.PowerUpShipTest" tests="5" skipped="0" failures="0" errors="0" timestamp="2023-12-24T03:18:49" hostname="DESKTOP-BE69BVV" time="0.057">
  <properties/>
  <testcase name="testIsDropping()" classname="com.space_invaders.model.game.elements.PowerUpShipTest" time="0.001"/>
  <testcase name="testRemovePowerUp()" classname="com.space_invaders.model.game.elements.PowerUpShipTest" time="0.02"/>
  <testcase name="testDrop()" classname="com.space_invaders.model.game.elements.PowerUpShipTest" time="0.0"/>
  <testcase name="testAddPowerUp()" classname="com.space_invaders.model.game.elements.PowerUpShipTest" time="0.03"/>
  <testcase name="testUpdate()" classname="com.space_invaders.model.game.elements.PowerUpShipTest" time="0.001"/>
  <system-out><![CDATA[]]></system-out>
  <system-err><![CDATA[]]></system-err>
</testsuite>
