<?xml version="1.0" encoding="UTF-8"?>
<testsuite name="com.space_invaders.viewer.game.RandomPowerUpViewerTest" tests="1" skipped="0" failures="0" errors="0" timestamp="2023-12-24T03:18:50" hostname="DESKTOP-BE69BVV" time="0.002">
  <properties/>
  <testcase name="testDrawMethod()" classname="com.space_invaders.viewer.game.RandomPowerUpViewerTest" time="0.002"/>
  <system-out><![CDATA[]]></system-out>
  <system-err><![CDATA[]]></system-err>
</testsuite>
