<?xml version="1.0" encoding="UTF-8"?>
<testsuite name="com.space_invaders.states.GameStateTest" tests="3" skipped="0" failures="0" errors="0" timestamp="2023-12-24T03:18:49" hostname="DESKTOP-BE69BVV" time="0.166">
  <properties/>
  <testcase name="testGetController()" classname="com.space_invaders.states.GameStateTest" time="0.157"/>
  <testcase name="testResetWithNewSpace()" classname="com.space_invaders.states.GameStateTest" time="0.003"/>
  <testcase name="testGetViewer()" classname="com.space_invaders.states.GameStateTest" time="0.004"/>
  <system-out><![CDATA[]]></system-out>
  <system-err><![CDATA[]]></system-err>
</testsuite>
