<?xml version="1.0" encoding="UTF-8"?>
<testsuite name="com.space_invaders.model.game.elements.ElementTest" tests="4" skipped="0" failures="0" errors="0" timestamp="2023-12-24T03:18:49" hostname="DESKTOP-BE69BVV" time="0.019">
  <properties/>
  <testcase name="testInitialPosition()" classname="com.space_invaders.model.game.elements.ElementTest" time="0.003"/>
  <testcase name="testDies()" classname="com.space_invaders.model.game.elements.ElementTest" time="0.0"/>
  <testcase name="testIsAlive()" classname="com.space_invaders.model.game.elements.ElementTest" time="0.005"/>
  <testcase name="testSetPosition()" classname="com.space_invaders.model.game.elements.ElementTest" time="0.002"/>
  <system-out><![CDATA[]]></system-out>
  <system-err><![CDATA[]]></system-err>
</testsuite>
