<?xml version="1.0" encoding="UTF-8"?>
<testsuite name="com.space_invaders.LGUITest" tests="11" skipped="0" failures="0" errors="0" timestamp="2023-12-24T03:18:47" hostname="DESKTOP-BE69BVV" time="0.869">
  <properties/>
  <testcase name="testDrawSpaceShipBullet()" classname="com.space_invaders.LGUITest" time="0.828"/>
  <testcase name="testClear()" classname="com.space_invaders.LGUITest" time="0.001"/>
  <testcase name="testClose()" classname="com.space_invaders.LGUITest" time="0.001"/>
  <testcase name="testGetNextAction()" classname="com.space_invaders.LGUITest" time="0.003"/>
  <testcase name="testDrawText()" classname="com.space_invaders.LGUITest" time="0.001"/>
  <testcase name="testDrawRandomPowerUp()" classname="com.space_invaders.LGUITest" time="0.005"/>
  <testcase name="testDrawPowerUpShip()" classname="com.space_invaders.LGUITest" time="0.0"/>
  <testcase name="testRefresh()" classname="com.space_invaders.LGUITest" time="0.002"/>
  <testcase name="testDrawAlien()" classname="com.space_invaders.LGUITest" time="0.0"/>
  <testcase name="testDrawSpaceship()" classname="com.space_invaders.LGUITest" time="0.002"/>
  <testcase name="testDrawAlienBullet()" classname="com.space_invaders.LGUITest" time="0.005"/>
  <system-out><![CDATA[]]></system-out>
  <system-err><![CDATA[]]></system-err>
</testsuite>
