<?xml version="1.0" encoding="UTF-8"?>
<testsuite name="space_invaders.gui.LGUITest" tests="2" skipped="0" failures="0" errors="0" timestamp="2023-11-26T19:18:30" hostname="DESKTOP-BE69BVV" time="0.473">
  <properties/>
  <testcase name="drawText()" classname="space_invaders.gui.LGUITest" time="0.469"/>
  <testcase name="drawSpaceship()" classname="space_invaders.gui.LGUITest" time="0.003"/>
  <system-out><![CDATA[]]></system-out>
  <system-err><![CDATA[]]></system-err>
</testsuite>
