<?xml version="1.0" encoding="UTF-8"?>
<testsuite name="com.space_invaders.controls.game.PowerUpShipControllerTest" tests="2" skipped="0" failures="0" errors="0" timestamp="2023-12-24T03:18:48" hostname="DESKTOP-BE69BVV" time="0.049">
  <properties/>
  <testcase name="checkCollisionsTest()" classname="com.space_invaders.controls.game.PowerUpShipControllerTest" time="0.03"/>
  <testcase name="stepTestFirst()" classname="com.space_invaders.controls.game.PowerUpShipControllerTest" time="0.018"/>
  <system-out><![CDATA[]]></system-out>
  <system-err><![CDATA[]]></system-err>
</testsuite>
