<?xml version="1.0" encoding="UTF-8"?>
<testsuite name="com.space_invaders.controls.game.AlienControllerTest" tests="1" skipped="0" failures="0" errors="0" timestamp="2023-12-24T03:18:48" hostname="DESKTOP-BE69BVV" time="0.084">
  <properties/>
  <testcase name="testAlienMovement()" classname="com.space_invaders.controls.game.AlienControllerTest" time="0.084"/>
  <system-out><![CDATA[]]></system-out>
  <system-err><![CDATA[]]></system-err>
</testsuite>
