<?xml version="1.0" encoding="UTF-8"?>
<testsuite name="com.space_invaders.controls.game.SpaceShipControllerTest" tests="5" skipped="0" failures="0" errors="0" timestamp="2023-12-24T03:18:48" hostname="DESKTOP-BE69BVV" time="0.025">
  <properties/>
  <testcase name="testMoveLeftOnLeftBorder()" classname="com.space_invaders.controls.game.SpaceShipControllerTest" time="0.008"/>
  <testcase name="testaddBulletsandFireandMovement()" classname="com.space_invaders.controls.game.SpaceShipControllerTest" time="0.001"/>
  <testcase name="testMoveLeft()" classname="com.space_invaders.controls.game.SpaceShipControllerTest" time="0.006"/>
  <testcase name="testMoveLeftOnRightBorder()" classname="com.space_invaders.controls.game.SpaceShipControllerTest" time="0.002"/>
  <testcase name="testMoveRight()" classname="com.space_invaders.controls.game.SpaceShipControllerTest" time="0.002"/>
  <system-out><![CDATA[]]></system-out>
  <system-err><![CDATA[]]></system-err>
</testsuite>
